\BOOKMARK [1][-]{section.1}{\376\377\200\314\146\157\116\313\176\315}{}% 1
\BOOKMARK [1][-]{section.2}{\376\377\145\271\154\325\213\272}{}% 2
\BOOKMARK [2][-]{subsection.2.1}{\376\377\116\377\167\037\176\323\147\204}{section.2}% 3
\BOOKMARK [2][-]{subsection.2.2}{\376\377\000I\000D\000A\000\040\000I\000C\000E\136\372\173\121\200\375\156\220\122\006\136\003\116\377\167\037\135\345\121\167}{section.2}% 4
\BOOKMARK [2][-]{subsection.2.3}{\376\377\131\051\154\024\145\160\143\156}{section.2}% 5
\BOOKMARK [2][-]{subsection.2.4}{\376\377\122\250\140\001\200\375\156\220\116\367\150\074}{section.2}% 6
\BOOKMARK [2][-]{subsection.2.5}{\376\377\147\000\131\047\123\357\166\310\122\051\142\225\215\104}{section.2}% 7
\BOOKMARK [1][-]{section.3}{\376\377\156\070\154\363\231\206\152\041\127\213\143\317\217\360}{}% 8
\BOOKMARK [2][-]{subsection.3.1}{\376\377\136\372\173\121\162\171\137\201}{section.3}% 9
\BOOKMARK [2][-]{subsection.3.2}{\376\377\142\200\147\057\174\373\176\337}{section.3}% 10
\BOOKMARK [3][-]{subsubsection.3.2.1}{\376\377\154\363\154\140\117\341\140\157}{subsection.3.2}% 11
\BOOKMARK [3][-]{subsubsection.3.2.2}{\376\377\172\172\214\003\147\072\176\304}{subsection.3.2}% 12
\BOOKMARK [3][-]{subsubsection.3.2.3}{\376\377\000D\000H\000W\166\204\117\177\165\050\124\214\122\240\160\355\174\373\176\337}{subsection.3.2}% 13
\BOOKMARK [2][-]{subsection.3.3}{\376\377\117\177\165\050\145\366\225\364\210\150}{section.3}% 14
\BOOKMARK [1][-]{section.4}{\376\377\200\375\156\220\174\373\176\337\166\204\146\172\200\375\143\247\122\066}{}% 15
\BOOKMARK [2][-]{subsection.4.1}{\376\377\123\005\124\053\174\373\176\337}{section.4}% 16
\BOOKMARK [2][-]{subsection.4.2}{\376\377\143\247\122\066\173\227\154\325}{section.4}% 17
\BOOKMARK [1][-]{section.5}{\376\377\176\323\147\234}{}% 18
\BOOKMARK [2][-]{subsection.5.1}{\376\377\173\227\117\213\143\317\217\360}{section.5}% 19
\BOOKMARK [2][-]{subsection.5.2}{\376\377\227\000\154\102\124\315\136\224\133\371\154\140\154\064\124\214\123\072\127\337\160\355\122\250\122\233\166\204\137\161\124\315}{section.5}% 20
\BOOKMARK [2][-]{subsection.5.3}{\376\377\123\072\127\337\136\164\200\027\160\355\221\317\166\204\122\006\211\343}{section.5}% 21
\BOOKMARK [2][-]{subsection.5.4}{\376\377\200\375\156\220\142\020\147\054\124\214\166\310\122\051\142\225\215\104\166\204\147\000\131\047\142\020\147\054}{section.5}% 22
\BOOKMARK [1][-]{section.6}{\376\377\122\006\174\173\213\250\213\272}{}% 23
\BOOKMARK [1][-]{section.7}{\376\377\176\323\213\272}{}% 24
