Copyright 1986-2018 Xilinx, Inc. All Rights Reserved.
------------------------------------------------------------------------------------------
| Tool Version : Vivado v.2018.3 (win64) Build 2405991 Thu Dec  6 23:38:27 MST 2018
| Date         : Wed Nov 11 17:40:17 2020
| Host         : DESKTOP-VC4ADKH running 64-bit major release  (build 9200)
| Command      : report_control_sets -verbose -file fenzhongjimai_control_sets_placed.rpt
| Design       : fenzhongjimai
| Device       : xc7a35t
------------------------------------------------------------------------------------------

Control Set Information

Table of Contents
-----------------
1. Summary
2. Histogram
3. Flip-Flop Distribution
4. Detailed Control Set Information

1. Summary
----------

+----------------------------------------------------------+-------+
|                          Status                          | Count |
+----------------------------------------------------------+-------+
| Number of unique control sets                            |     4 |
| Unused register locations in slices containing registers |    17 |
+----------------------------------------------------------+-------+


2. Histogram
------------

+--------+--------------+
| Fanout | Control Sets |
+--------+--------------+
|      1 |            1 |
|      4 |            2 |
|    16+ |            1 |
+--------+--------------+


3. Flip-Flop Distribution
-------------------------

+--------------+-----------------------+------------------------+-----------------+--------------+
| Clock Enable | Synchronous Set/Reset | Asynchronous Set/Reset | Total Registers | Total Slices |
+--------------+-----------------------+------------------------+-----------------+--------------+
| No           | No                    | No                     |               1 |            1 |
| No           | No                    | Yes                    |              50 |           16 |
| No           | Yes                   | No                     |               0 |            0 |
| Yes          | No                    | No                     |               0 |            0 |
| Yes          | No                    | Yes                    |               4 |            2 |
| Yes          | Yes                   | No                     |               0 |            0 |
+--------------+-----------------------+------------------------+-----------------+--------------+


4. Detailed Control Set Information
-----------------------------------

+----------------+--------------------+------------------+------------------+----------------+
|  Clock Signal  |    Enable Signal   | Set/Reset Signal | Slice Load Count | Bel Load Count |
+----------------+--------------------+------------------+------------------+----------------+
|  clk_IBUF_BUFG |                    |                  |                1 |              1 |
|  u5/u1/CLK     |                    | u5/u1/rst_n      |                2 |              4 |
|  u5/u1/CLK     | u5/u2/y[7]_i_1_n_0 | u5/u1/rst_n      |                2 |              4 |
|  clk_IBUF_BUFG |                    | u5/u1/rst_n      |               14 |             46 |
+----------------+--------------------+------------------+------------------+----------------+


