Copyright 1986-2018 Xilinx, Inc. All Rights Reserved.
------------------------------------------------------------------------------------
| Tool Version : Vivado v.2018.3 (win64) Build 2405991 Thu Dec  6 23:38:27 MST 2018
| Date         : Tue Nov 10 01:56:40 2020
| Host         : DESKTOP-H2P5GO8 running 64-bit major release  (build 9200)
| Command      : report_control_sets -verbose -file muldisp_control_sets_placed.rpt
| Design       : muldisp
| Device       : xc7a35t
------------------------------------------------------------------------------------

Control Set Information

Table of Contents
-----------------
1. Summary
2. Histogram
3. Flip-Flop Distribution
4. Detailed Control Set Information

1. Summary
----------

+----------------------------------------------------------+-------+
|                          Status                          | Count |
+----------------------------------------------------------+-------+
| Number of unique control sets                            |     5 |
| Unused register locations in slices containing registers |    16 |
+----------------------------------------------------------+-------+


2. Histogram
------------

+--------+--------------+
| Fanout | Control Sets |
+--------+--------------+
|      2 |            1 |
|      3 |            1 |
|      4 |            1 |
|      8 |            1 |
|    16+ |            1 |
+--------+--------------+


3. Flip-Flop Distribution
-------------------------

+--------------+-----------------------+------------------------+-----------------+--------------+
| Clock Enable | Synchronous Set/Reset | Asynchronous Set/Reset | Total Registers | Total Slices |
+--------------+-----------------------+------------------------+-----------------+--------------+
| No           | No                    | No                     |              10 |            4 |
| No           | No                    | Yes                    |               0 |            0 |
| No           | Yes                   | No                     |              38 |           12 |
| Yes          | No                    | No                     |               0 |            0 |
| Yes          | No                    | Yes                    |               0 |            0 |
| Yes          | Yes                   | No                     |               0 |            0 |
+--------------+-----------------------+------------------------+-----------------+--------------+


4. Detailed Control Set Information
-----------------------------------

+------------------+---------------+-------------------------+------------------+----------------+
|   Clock Signal   | Enable Signal |     Set/Reset Signal    | Slice Load Count | Bel Load Count |
+------------------+---------------+-------------------------+------------------+----------------+
|  clkin_IBUF_BUFG |               |                         |                1 |              2 |
|  clock/sec       |               | en[2]_i_1_n_0           |                2 |              3 |
|  clock/sec       |               | count_reg_n_0_[2]       |                2 |              4 |
|  clock/sec       |               |                         |                3 |              8 |
|  clkin_IBUF_BUFG |               | clock/count[31]_i_1_n_0 |                8 |             31 |
+------------------+---------------+-------------------------+------------------+----------------+


